2024-06-29 02:41:55,032 - User usuaroz@email.com accessed /
2024-06-29 02:41:56,684 - User usuaroz@email.com accessed /login/sindico/
2024-06-29 02:42:06,737 - User usuaroz@email.com accessed /login/auth_sindico/
2024-06-29 02:42:07,440 - User usuaroz@email.com accessed /home/dashboard/
2024-06-29 02:42:07,485 - User usuaroz@email.com accessed /home/dashboard/img/people.png
2024-06-29 02:43:54,919 - User usuaroz@email.com accessed /home/dashboard/
2024-06-29 02:43:54,953 - User usuaroz@email.com accessed /home/dashboard/img/people.png
2024-06-29 02:44:54,833 - User usuaroz@email.com accessed /home/dashboard/
2024-06-29 02:44:54,889 - User usuaroz@email.com accessed /home/dashboard/img/people.png
2024-06-29 02:45:11,325 - User usuaroz@email.com accessed /home/dashboard/
2024-06-29 02:45:11,343 - User usuaroz@email.com accessed /home/dashboard/img/people.png
2024-06-29 02:45:11,675 - User usuaroz@email.com accessed /favicon.ico
2024-06-29 02:45:13,376 - User usuaroz@email.com accessed /home/dashboard/
2024-06-29 02:45:13,392 - User usuaroz@email.com accessed /home/dashboard/img/people.png
2024-06-29 02:45:13,578 - User usuaroz@email.com accessed /favicon.ico
2024-06-29 02:46:49,873 - User usuaroz@email.com accessed /
2024-06-29 02:46:51,787 - User usuaroz@email.com accessed /login/sindico/
2024-06-29 02:46:56,211 - User usuaroz@email.com accessed /cadastrar/sindico/
2024-06-29 02:47:07,100 - User jota@email.com accessed /cadastrar/sindico/
2024-06-29 02:47:34,332 - User usuaroz@email.com accessed /cadastrar/sindico/
2024-06-29 02:47:40,150 - User usuaroz@email.com accessed /login/sindico/
2024-06-29 02:47:54,986 - User usuaroz@email.com accessed /login/auth_sindico/
2024-06-29 02:47:55,637 - User usuaroz@email.com accessed /home/dashboard/
2024-06-29 02:47:55,655 - User usuaroz@email.com accessed /home/dashboard/img/people.png
2024-06-29 02:47:58,654 - User usuaroz@email.com accessed /solicitacoes/totais/
2024-06-29 03:06:06,558 - User usuaroz@email.com accessed /
2024-06-29 03:30:38,002 - User usuaroz@email.com accessed /login/sindico/
2024-06-29 03:30:45,943 - User usuaroz@email.com accessed /login/auth_sindico/
2024-06-29 03:30:46,618 - User usuaroz@email.com accessed /home/dashboard/
2024-06-29 03:30:46,667 - User usuaroz@email.com accessed /home/dashboard/img/people.png
2024-06-29 03:31:23,311 - User usuaroz@email.com accessed /home/dashboard/
2024-06-29 03:33:09,676 - User usuaroz@email.com accessed /home/dashboard/
2024-06-29 03:34:00,343 - User usuaroz@email.com accessed /home/dashboard/
2024-06-29 03:34:55,287 - User usuaroz@email.com accessed /home/dashboard/
2024-06-29 03:34:57,335 - User usuaroz@email.com accessed /home/dashboard/
2024-06-29 03:39:19,775 - User usuaroz@email.com accessed /home/dashboard/
2024-06-29 03:39:20,279 - User usuaroz@email.com accessed /home/dashboard/
2024-06-29 03:39:22,279 - User usuaroz@email.com accessed /home/dashboard/
2024-06-29 03:39:24,205 - User usuaroz@email.com accessed /home/dashboard/
2024-06-29 03:39:44,340 - User usuaroz@email.com accessed /solicitacoes/totais/
2024-06-29 03:39:46,708 - User usuaroz@email.com accessed /manage/solicit/18
2024-06-29 03:39:49,678 - User usuaroz@email.com accessed /home/dashboard/
2024-06-29 03:39:51,450 - User usuaroz@email.com accessed /solicitacoes/totais/
2024-06-29 03:39:53,140 - User usuaroz@email.com accessed /manage/solicit/17
2024-06-29 03:39:54,945 - User usuaroz@email.com accessed /solicitacoes/totais/
2024-06-29 03:39:57,074 - User usuaroz@email.com accessed /home/dashboard/
2024-06-29 03:41:18,021 - User usuaroz@email.com accessed /home/dashboard/
2024-06-29 03:41:27,263 - User usuaroz@email.com accessed /home/dashboard/
2024-06-29 03:41:33,940 - User usuaroz@email.com accessed /solicitacoes/totais/
2024-06-29 03:43:32,708 - User usuaroz@email.com accessed /solicitacoes/totais/
2024-06-29 03:45:14,683 - User usuaroz@email.com accessed /solicitacoes/totais/
2024-06-29 03:46:56,075 - User usuaroz@email.com accessed /solicitacoes/totais/
2024-06-29 03:46:58,521 - User usuaroz@email.com accessed /home/dashboard/
2024-06-29 03:48:11,616 - User usuaroz@email.com accessed /home/dashboard/
2024-06-29 03:51:34,741 - User usuaroz@email.com accessed /home/dashboard/
2024-06-29 03:52:51,307 - User usuaroz@email.com accessed /home/dashboard/
2024-06-29 03:52:53,690 - User usuaroz@email.com accessed /home/dashboard/
2024-06-29 03:52:54,708 - User usuaroz@email.com accessed /home/dashboard/
2024-06-29 03:54:07,413 - User usuaroz@email.com accessed /home/dashboard/
2024-06-29 03:55:15,487 - User usuaroz@email.com accessed /home/dashboard/
2024-06-29 03:55:16,914 - User usuaroz@email.com accessed /home/dashboard/
2024-06-29 03:56:02,179 - User usuaroz@email.com accessed /home/dashboard/
2024-06-29 03:56:03,631 - User usuaroz@email.com accessed /logs/
2024-06-29 03:57:25,124 - User usuaroz@email.com accessed /logs/
2024-06-29 03:58:03,587 - User usuaroz@email.com accessed /logs/
2024-06-29 03:58:04,662 - User usuaroz@email.com accessed /register/checklist/
2024-06-29 04:00:34,203 - User usuaroz@email.com accessed /home/dashboard/
2024-06-29 04:00:34,813 - User usuaroz@email.com accessed /home/dashboard/
2024-06-29 04:00:36,470 - User usuaroz@email.com accessed /solicitacoes/totais/
2024-06-29 04:00:38,344 - User usuaroz@email.com accessed /home/dashboard/
2024-06-29 04:01:32,381 - User usuaroz@email.com accessed /home/dashboard/
2024-06-29 04:01:35,040 - User usuaroz@email.com accessed /solicitacoes/totais/
2024-06-29 04:04:39,208 - User usuaroz@email.com accessed /manage/solicit/17
2024-06-29 04:04:45,999 - User usuaroz@email.com accessed /auth/update/checklist/17/
2024-06-29 04:04:46,022 - User usuaroz@email.com accessed /solicitacoes/totais/
2024-06-29 04:04:48,769 - User usuaroz@email.com accessed /home/dashboard/
2024-06-29 04:04:50,279 - User usuaroz@email.com accessed /home/dashboard/
2024-06-29 04:12:31,977 - User usuaroz@email.com accessed /home/dashboard/
2024-06-29 04:12:37,984 - User usuaroz@email.com accessed /register/checklist/
2024-06-29 04:14:00,105 - User usuaroz@email.com accessed /auth/update/checklist/
2024-06-29 04:17:13,693 - User usuaroz@email.com accessed /auth/update/checklist/
2024-06-29 04:17:13,796 - User usuaroz@email.com accessed /home/dashboard/
2024-06-29 04:17:19,732 - User usuaroz@email.com accessed /solicitacoes/totais/
2024-06-29 04:17:24,407 - User usuaroz@email.com accessed /register/checklist/
2024-06-29 04:18:18,792 - User usuaroz@email.com accessed /auth/update/checklist/
2024-06-29 04:18:18,809 - User usuaroz@email.com accessed /home/dashboard/
2024-06-29 04:20:14,245 - User usuaroz@email.com accessed /solicitacoes/totais/
2024-06-29 04:20:15,895 - User usuaroz@email.com accessed /manage/solicit/20
2024-06-29 04:20:15,950 - User usuaroz@email.com accessed /media/uploads/programação.jpg
2024-06-29 04:20:36,119 - User usuaroz@email.com accessed /manage/solicit/20
2024-06-29 04:20:36,149 - User usuaroz@email.com accessed /media/uploads/programação.jpg
2024-06-29 04:20:43,431 - User usuaroz@email.com accessed /manage/solicit/20
2024-06-29 04:20:44,672 - User usuaroz@email.com accessed /manage/solicit/20
2024-06-29 04:21:03,752 - User usuaroz@email.com accessed /manage/solicit/20
2024-06-29 04:21:03,800 - User usuaroz@email.com accessed /media/uploads/programação.jpg
2024-06-29 04:21:08,438 - User usuaroz@email.com accessed /manage/solicit/20
2024-06-29 04:21:14,146 - User usuaroz@email.com accessed /manage/solicit/20
2024-06-29 04:21:16,583 - User usuaroz@email.com accessed /manage/solicit/20
2024-06-29 04:22:40,928 - User usuaroz@email.com accessed /manage/solicit/20
2024-06-29 04:22:40,969 - User usuaroz@email.com accessed /media/uploads/programação.jpg
2024-06-29 04:24:09,485 - User usuaroz@email.com accessed /manage/solicit/20
2024-06-29 04:24:09,525 - User usuaroz@email.com accessed /media/uploads/programação.jpg
2024-06-29 04:24:10,295 - User usuaroz@email.com accessed /manage/solicit/20
2024-06-29 04:24:10,576 - User usuaroz@email.com accessed /manage/solicit/20
2024-06-29 04:24:10,827 - User usuaroz@email.com accessed /manage/solicit/20
2024-06-29 04:24:11,040 - User usuaroz@email.com accessed /manage/solicit/20
2024-06-29 04:26:08,117 - User usuaroz@email.com accessed /manage/solicit/20
2024-06-29 04:26:08,151 - User usuaroz@email.com accessed /media/uploads/programação.jpg
2024-06-29 04:26:41,777 - User usuaroz@email.com accessed /manage/solicit/20
2024-06-29 04:26:42,595 - User usuaroz@email.com accessed /manage/solicit/20
2024-06-29 04:26:47,479 - User usuaroz@email.com accessed /manage/solicit/20
2024-06-29 04:26:47,951 - User usuaroz@email.com accessed /manage/solicit/20
2024-06-29 04:26:48,198 - User usuaroz@email.com accessed /manage/solicit/20
2024-06-29 04:29:14,935 - User usuaroz@email.com accessed /manage/solicit/20
2024-06-29 04:29:43,143 - User usuaroz@email.com accessed /manage/solicit/20
2024-06-29 04:29:43,189 - User usuaroz@email.com accessed /media/uploads/programação.jpg
2024-06-29 04:31:32,690 - User usuaroz@email.com accessed /manage/solicit/20
2024-06-29 04:31:32,709 - User usuaroz@email.com accessed /media/uploads/programação.jpg
2024-06-29 04:31:33,276 - User usuaroz@email.com accessed /manage/solicit/20
2024-06-29 04:31:33,529 - User usuaroz@email.com accessed /manage/solicit/20
2024-06-29 04:34:24,337 - User usuaroz@email.com accessed /manage/solicit/20
2024-06-29 04:34:24,378 - User usuaroz@email.com accessed /media/uploads/programação.jpg
2024-06-29 04:35:35,964 - User usuaroz@email.com accessed /manage/solicit/20
2024-06-29 04:35:36,488 - User usuaroz@email.com accessed /manage/solicit/20
2024-06-29 04:35:36,720 - User usuaroz@email.com accessed /manage/solicit/20
2024-06-29 04:36:19,511 - User usuaroz@email.com accessed /home/dashboard/
2024-06-29 04:36:34,185 - User usuaroz@email.com accessed /solicitacoes/totais/
2024-06-29 04:36:35,898 - User usuaroz@email.com accessed /manage/solicit/20
2024-06-29 04:36:35,940 - User usuaroz@email.com accessed /media/uploads/programação.jpg
2024-06-29 04:37:26,853 - User usuaroz@email.com accessed /
2024-06-29 04:38:56,021 - User usuaroz@email.com accessed /manage/solicit/20
2024-06-29 04:38:56,068 - User usuaroz@email.com accessed /media/uploads/programação.jpg
2024-06-29 04:40:19,862 - User usuaroz@email.com accessed /manage/solicit/20
2024-06-29 04:41:03,716 - User usuaroz@email.com accessed /manage/solicit/20
2024-06-29 04:41:03,755 - User usuaroz@email.com accessed /media/uploads/programação.jpg
2024-06-29 04:41:05,026 - User usuaroz@email.com accessed /manage/solicit/20
2024-06-29 04:41:06,535 - User usuaroz@email.com accessed /manage/solicit/20
2024-06-29 04:42:24,053 - User usuaroz@email.com accessed /manage/solicit/20
2024-06-29 04:42:42,139 - User usuaroz@email.com accessed /manage/solicit/20
2024-06-29 04:43:00,312 - User usuaroz@email.com accessed /manage/solicit/20
2024-06-29 04:43:10,679 - User usuaroz@email.com accessed /manage/solicit/20
2024-06-29 04:43:49,414 - User usuaroz@email.com accessed /manage/solicit/20
2024-06-29 04:43:49,508 - User usuaroz@email.com accessed /media/uploads/programação.jpg
2024-06-29 04:44:04,254 - User usuaroz@email.com accessed /manage/solicit/20
2024-06-29 04:44:04,327 - User usuaroz@email.com accessed /media/uploads/programação.jpg
2024-06-29 04:44:31,691 - User usuaroz@email.com accessed /home/dashboard/
2024-06-29 04:44:44,261 - User usuaroz@email.com accessed /home/dashboard/
2024-06-29 04:44:52,952 - User usuaroz@email.com accessed /solicitacoes/totais/
2024-06-29 04:44:54,457 - User usuaroz@email.com accessed /manage/solicit/19
2024-06-29 04:44:54,474 - User usuaroz@email.com accessed /media/uploads/tela_home.png
2024-06-29 04:45:30,444 - User usuaroz@email.com accessed /manage/solicit/19
2024-06-29 04:45:32,889 - User usuaroz@email.com accessed /manage/solicit/19
2024-06-29 04:45:33,719 - User usuaroz@email.com accessed /manage/solicit/19
2024-06-29 04:45:34,357 - User usuaroz@email.com accessed /manage/solicit/19
2024-06-29 04:45:54,658 - User usuaroz@email.com accessed /manage/solicit/20
2024-06-29 04:46:04,630 - User usuaroz@email.com accessed /manage/solicit/20
2024-06-29 04:46:05,084 - User usuaroz@email.com accessed /manage/solicit/20
2024-06-29 04:46:06,137 - User usuaroz@email.com accessed /manage/solicit/20
2024-06-29 04:46:36,405 - User usuaroz@email.com accessed /manage/solicit/20
2024-06-29 04:46:36,470 - User usuaroz@email.com accessed /media/uploads/programação.jpg
2024-06-29 04:46:52,868 - User usuaroz@email.com accessed /manage/solicit/20
2024-06-29 04:46:57,350 - User usuaroz@email.com accessed /manage/solicit/20
2024-06-29 04:48:20,976 - User usuaroz@email.com accessed /manage/solicit/20
2024-06-29 04:48:38,988 - User usuaroz@email.com accessed /manage/solicit/20
2024-06-29 04:48:53,008 - User usuaroz@email.com accessed /logs/
2024-06-29 04:52:59,531 - User usuaroz@email.com accessed /logs/
2024-06-29 04:53:11,571 - User usuaroz@email.com accessed /logs/
2024-06-29 04:53:15,005 - User usuaroz@email.com accessed /logs/
2024-06-29 04:53:16,196 - User usuaroz@email.com accessed /logs/
2024-06-29 04:54:57,382 - User usuaroz@email.com accessed /logs/
2024-06-29 04:57:39,763 - User usuaroz@email.com accessed /logs/
2024-06-29 04:57:41,461 - User usuaroz@email.com accessed /logs/
2024-06-29 04:57:42,658 - User usuaroz@email.com accessed /logs/
2024-06-29 04:57:43,848 - User usuaroz@email.com accessed /logs/
2024-06-29 04:57:45,644 - User usuaroz@email.com accessed /logs/
2024-06-29 04:59:24,635 - User usuaroz@email.com accessed /logs/
2024-06-29 05:00:03,288 - User usuaroz@email.com accessed /logs/
2024-06-29 05:00:05,080 - User usuaroz@email.com accessed /logs/
2024-06-29 05:00:06,518 - User usuaroz@email.com accessed /logs/
2024-06-29 05:00:48,921 - User usuaroz@email.com accessed /logs/
2024-06-29 05:02:57,184 - User usuaroz@email.com accessed /logs/
2024-06-29 05:02:58,727 - User usuaroz@email.com accessed /logs/
2024-06-29 05:02:59,904 - User usuaroz@email.com accessed /logs/
2024-06-29 05:06:22,036 - User usuaroz@email.com accessed /logs/
2024-06-29 05:06:25,916 - User usuaroz@email.com accessed /logs/
2024-06-29 05:06:28,116 - User usuaroz@email.com accessed /logs/
2024-06-29 05:06:48,337 - User usuaroz@email.com accessed /logs/
2024-06-29 05:09:44,350 - User usuaroz@email.com accessed /logs/
2024-06-29 05:09:55,696 - User usuaroz@email.com accessed /logs/
2024-06-29 05:11:37,192 - User usuaroz@email.com accessed /logs/
2024-06-29 05:14:01,343 - User usuaroz@email.com accessed /logs/
2024-06-29 05:14:17,543 - User usuaroz@email.com accessed /logs/
2024-06-29 05:14:29,030 - User usuaroz@email.com accessed /logs/
2024-06-29 05:14:34,324 - User usuaroz@email.com accessed /logs/
2024-06-29 05:14:50,857 - User usuaroz@email.com accessed /logs/
2024-06-29 05:16:09,977 - User usuaroz@email.com accessed /logs/
2024-06-29 05:17:39,726 - User usuaroz@email.com accessed /logs/
2024-06-29 05:17:40,322 - User usuaroz@email.com accessed /logs/
2024-06-29 05:17:40,980 - User usuaroz@email.com accessed /logs/
2024-06-29 05:17:41,559 - User usuaroz@email.com accessed /logs/
2024-06-29 05:17:42,253 - User usuaroz@email.com accessed /logs/
2024-06-29 05:17:42,804 - User usuaroz@email.com accessed /logs/
2024-06-29 05:17:43,261 - User usuaroz@email.com accessed /logs/
2024-06-29 05:17:43,838 - User usuaroz@email.com accessed /logs/
2024-06-29 05:17:45,036 - User usuaroz@email.com accessed /logs/
2024-06-29 05:17:49,434 - User usuaroz@email.com accessed /logs/
2024-06-29 05:17:51,111 - User usuaroz@email.com accessed /logs/
2024-06-29 05:18:56,495 - User usuaroz@email.com accessed /logs/
2024-06-29 05:19:13,472 - User usuaroz@email.com accessed /home/dashboard/
2024-06-29 05:20:12,525 - User usuaroz@email.com accessed /home/dashboard/
2024-06-29 05:23:51,735 - User usuaroz@email.com accessed /home/dashboard/
2024-06-29 05:23:52,919 - User usuaroz@email.com accessed /home/dashboard/
2024-06-29 05:24:40,501 - User usuaroz@email.com accessed /home/dashboard/
2024-06-29 05:24:41,696 - User usuaroz@email.com accessed /home/dashboard/
2024-06-29 05:26:33,592 - User usuaroz@email.com accessed /home/dashboard/
2024-06-29 05:29:46,187 - User usuaroz@email.com accessed /home/dashboard/
2024-06-29 05:30:26,734 - User usuaroz@email.com accessed /home/dashboard/
2024-06-29 05:31:42,951 - User usuaroz@email.com accessed /home/dashboard/
2024-06-29 05:32:10,342 - User usuaroz@email.com accessed /solicitacoes/totais/
2024-06-29 05:32:17,686 - User usuaroz@email.com accessed /manage/solicit/17
2024-06-29 05:32:17,739 - User usuaroz@email.com accessed /media/uploads/questao1.2.png
2024-06-29 05:32:32,950 - User usuaroz@email.com accessed /home/dashboard/
2024-06-29 05:32:35,754 - User usuaroz@email.com accessed /solicitacoes/totais/
2024-06-29 05:32:38,124 - User usuaroz@email.com accessed /manage/solicit/17
2024-06-29 05:32:38,142 - User usuaroz@email.com accessed /media/uploads/questao1.2.png
2024-06-29 05:33:58,028 - User usuaroz@email.com accessed /home/dashboard/
2024-06-29 05:33:59,353 - User usuaroz@email.com accessed /home/dashboard/
2024-06-29 05:33:59,845 - User usuaroz@email.com accessed /home/dashboard/
2024-06-29 05:34:00,085 - User usuaroz@email.com accessed /home/dashboard/
2024-06-29 05:34:29,722 - User usuaroz@email.com accessed /home/dashboard/
2024-06-29 05:34:29,956 - User usuaroz@email.com accessed /home/dashboard/
2024-06-29 05:34:32,869 - User usuaroz@email.com accessed /solicitacoes/totais/
2024-06-29 05:34:37,118 - User usuaroz@email.com accessed /manage/solicit/17
2024-06-29 05:34:37,162 - User usuaroz@email.com accessed /media/uploads/questao1.2.png
2024-06-29 05:35:25,280 - User usuaroz@email.com accessed /home/dashboard/
2024-06-29 05:35:26,029 - User usuaroz@email.com accessed /home/dashboard/
2024-06-29 05:35:26,504 - User usuaroz@email.com accessed /home/dashboard/
2024-06-29 05:36:44,392 - User usuaroz@email.com accessed /home/dashboard/
2024-06-29 05:37:04,330 - User usuaroz@email.com accessed /home/dashboard/
2024-06-29 05:37:35,581 - User usuaroz@email.com accessed /home/dashboard/
2024-06-29 05:38:40,320 - User usuaroz@email.com accessed /home/dashboard/
2024-06-29 05:38:57,132 - User usuaroz@email.com accessed /home/dashboard/
2024-06-29 05:38:59,693 - User usuaroz@email.com accessed /home/dashboard/
2024-06-29 05:39:11,623 - User usuaroz@email.com accessed /home/dashboard/
2024-06-29 05:39:35,783 - User usuaroz@email.com accessed /home/dashboard/
2024-06-29 05:40:14,406 - User usuaroz@email.com accessed /logs/
2024-06-29 05:40:16,122 - User usuaroz@email.com accessed /register/checklist/
2024-06-29 05:40:17,056 - User usuaroz@email.com accessed /home/dashboard/
2024-06-29 05:40:18,486 - User usuaroz@email.com accessed /solicitacoes/totais/
2024-06-29 05:40:20,184 - User usuaroz@email.com accessed /manage/solicit/20
2024-06-29 05:40:20,227 - User usuaroz@email.com accessed /media/uploads/programação.jpg
2024-06-29 05:40:22,991 - User usuaroz@email.com accessed /home/dashboard/
2024-06-29 05:40:26,147 - User usuaroz@email.com accessed /solicitacoes/totais/
2024-06-29 05:40:27,705 - User usuaroz@email.com accessed /manage/solicit/19
2024-06-29 05:40:27,751 - User usuaroz@email.com accessed /media/uploads/tela_home.png
2024-06-29 05:40:30,312 - User usuaroz@email.com accessed /home/dashboard/
2024-06-29 05:42:02,625 - User usuaroz@email.com accessed /home/dashboard/
2024-06-29 05:42:03,754 - User usuaroz@email.com accessed /home/dashboard/
2024-06-29 05:42:11,909 - User usuaroz@email.com accessed /solicitacoes/totais/
2024-06-29 05:42:15,995 - User usuaroz@email.com accessed /home/dashboard/
2024-06-29 05:42:17,567 - User usuaroz@email.com accessed /solicitacoes/totais/
2024-06-29 05:43:32,228 - User usuaroz@email.com accessed /solicitacoes/totais/
2024-06-29 05:43:42,423 - User usuaroz@email.com accessed /solicitacoes/totais/
2024-06-29 05:43:46,741 - User usuaroz@email.com accessed /home/dashboard/
2024-06-29 05:44:59,289 - User usuaroz@email.com accessed /home/dashboard/
2024-06-29 05:45:27,699 - User usuaroz@email.com accessed /home/dashboard/
2024-06-29 05:45:37,239 - User jota@email.com accessed /home/dashboard/
2024-06-29 05:45:46,153 - User usuaroz@email.com accessed /home/dashboard/
2024-06-29 05:46:04,467 - User usuaroz@email.com accessed /home/dashboard/
2024-06-29 05:46:18,286 - User jota@email.com accessed /home/dashboard/
2024-06-29 05:46:21,404 - User jota@email.com accessed /home/dashboard/
2024-06-29 05:47:23,410 - User jota@email.com accessed /home/dashboard/
2024-06-29 05:47:24,295 - User jota@email.com accessed /home/dashboard/
2024-06-29 05:47:24,919 - User jota@email.com accessed /home/dashboard/
2024-06-29 05:47:25,339 - User jota@email.com accessed /home/dashboard/
2024-06-29 05:47:44,372 - User usuaroz@email.com accessed /home/dashboard/
2024-06-29 05:47:45,681 - User usuaroz@email.com accessed /home/dashboard/
2024-06-29 05:48:42,407 - User jota@email.com accessed /home/dashboard/
2024-06-29 05:48:45,294 - User usuaroz@email.com accessed /home/dashboard/
2024-06-29 05:48:45,866 - User usuaroz@email.com accessed /home/dashboard/
2024-06-29 05:48:46,110 - User usuaroz@email.com accessed /home/dashboard/
2024-06-29 05:48:46,351 - User usuaroz@email.com accessed /home/dashboard/
2024-06-29 05:48:46,552 - User usuaroz@email.com accessed /home/dashboard/
2024-06-29 05:48:46,775 - User usuaroz@email.com accessed /home/dashboard/
2024-06-29 05:48:47,031 - User usuaroz@email.com accessed /home/dashboard/
2024-06-29 05:48:47,266 - User usuaroz@email.com accessed /home/dashboard/
2024-06-29 05:48:47,489 - User usuaroz@email.com accessed /home/dashboard/
2024-06-29 05:48:47,699 - User usuaroz@email.com accessed /home/dashboard/
2024-06-29 05:50:36,456 - User jota@email.com accessed /home/dashboard/
2024-06-29 05:50:37,214 - User jota@email.com accessed /home/dashboard/
2024-06-29 05:50:58,531 - User jota@email.com accessed /home/dashboard/
2024-06-29 05:50:58,968 - User jota@email.com accessed /home/dashboard/
2024-06-29 05:51:29,847 - User jota@email.com accessed /home/dashboard/
2024-06-29 05:51:30,531 - User jota@email.com accessed /home/dashboard/
2024-06-29 05:51:30,905 - User jota@email.com accessed /home/dashboard/
2024-06-29 05:51:40,620 - User jota@email.com accessed /home/dashboard/
2024-06-29 05:54:42,156 - User jota@email.com accessed /home/dashboard/
2024-06-29 05:54:43,458 - User jota@email.com accessed /home/dashboard/
2024-06-29 05:54:44,167 - User jota@email.com accessed /home/dashboard/
2024-06-29 05:54:46,547 - User usuaroz@email.com accessed /home/dashboard/
2024-06-29 05:54:46,931 - User usuaroz@email.com accessed /home/dashboard/
2024-06-29 05:54:47,175 - User usuaroz@email.com accessed /home/dashboard/
2024-06-29 05:54:48,937 - User usuaroz@email.com accessed /home/dashboard/
2024-06-29 05:56:15,570 - User usuaroz@email.com accessed /
2024-06-29 05:56:57,086 - User usuaroz@email.com accessed /
2024-06-29 05:56:59,574 - User usuaroz@email.com accessed /login/sindico/
2024-06-29 05:57:06,887 - User usuaroz@email.com accessed /login/sindico/
2024-06-29 05:57:17,243 - User usuaroz@email.com accessed /login/auth_sindico/
2024-06-29 05:57:17,938 - User usuaroz@email.com accessed /home/dashboard/
2024-06-29 05:57:21,404 - User usuaroz@email.com accessed /solicitacoes/totais/
2024-06-29 05:57:23,068 - User usuaroz@email.com accessed /manage/solicit/20
2024-06-29 05:57:23,100 - User usuaroz@email.com accessed /media/uploads/programação.jpg
2024-06-29 05:57:29,708 - User usuaroz@email.com accessed /register/checklist/
2024-06-29 05:57:31,806 - User usuaroz@email.com accessed /home/dashboard/
2024-06-29 05:57:33,090 - User usuaroz@email.com accessed /logs/
2024-06-29 05:57:37,244 - User usuaroz@email.com accessed /home/dashboard/
2024-06-29 05:57:43,566 - User usuaroz@email.com accessed /solicitacoes/totais/
2024-06-29 05:57:46,852 - User usuaroz@email.com accessed /register/checklist/
2024-06-29 06:02:56,758 - User usuaroz@email.com accessed /home/dashboard/
2024-06-29 06:03:06,597 - User usuaroz@email.com accessed /home/dashboard/
2024-06-29 06:03:22,784 - User usuaroz@email.com accessed /
2024-06-29 06:04:48,017 - User usuaroz@email.com accessed /favicon.ico
2024-06-29 06:04:59,181 - User usuaroz@email.com accessed /sobre/
2024-06-29 06:05:05,072 - User usuaroz@email.com accessed /
2024-06-29 06:05:07,428 - User usuaroz@email.com accessed /login/sindico/
2024-06-29 06:05:10,289 - User usuaroz@email.com accessed /cadastrar/sindico/
2024-06-29 06:06:24,348 - User jota@email.com accessed /cadastrar/sindico/
2024-06-29 06:06:35,878 - User usuaroz@email.com accessed /cadastrar/sindico/
2024-06-29 06:06:51,781 - User usuaroz@email.com accessed /cadastrar/sindico/
2024-06-29 06:07:53,138 - User usuaroz@email.com accessed /
2024-06-29 06:08:25,894 - User jota@email.com accessed /favicon.ico
2024-06-29 06:08:36,062 - User usuaroz@email.com accessed /sobre/
2024-06-29 06:08:39,419 - User usuaroz@email.com accessed /
2024-06-29 06:08:41,381 - User usuaroz@email.com accessed /login/sindico/
2024-06-29 06:08:43,671 - User usuaroz@email.com accessed /cadastrar/sindico/
2024-06-29 06:08:45,878 - User usuaroz@email.com accessed /login/sindico/
2024-06-29 06:09:18,624 - User jota@email.com accessed /cadastrar/sindico/
2024-06-29 06:09:20,484 - User jota@email.com accessed /login/sindico/
2024-06-29 06:09:40,943 - User jota@email.com accessed /favicon.ico
2024-06-29 06:09:46,707 - User usuaroz@email.com accessed /
2024-06-29 06:09:53,635 - User usuaroz@email.com accessed /sobre/
2024-06-29 06:09:56,854 - User usuaroz@email.com accessed /
2024-06-29 06:09:59,247 - User usuaroz@email.com accessed /login/sindico/
2024-06-29 06:10:01,101 - User usuaroz@email.com accessed /cadastrar/sindico/
2024-06-29 06:10:53,614 - User usuaroz@email.com accessed /
2024-06-29 06:10:58,609 - User usuaroz@email.com accessed /sobre/
2024-06-29 06:11:01,795 - User usuaroz@email.com accessed /
2024-06-29 06:11:04,340 - User usuaroz@email.com accessed /login/sindico/
2024-06-29 06:11:06,041 - User usuaroz@email.com accessed /cadastrar/sindico/
2024-06-29 06:12:13,562 - User usuaroz@email.com accessed /register/sindico/
2024-06-29 06:13:59,411 - User jota@email.com accessed /cadastrar/sindico/
2024-06-29 06:14:18,432 - User jota@email.com accessed /register/sindico/
2024-06-29 06:15:34,778 - User jota@email.com accessed /register/sindico/
2024-06-29 06:15:35,459 - User jose1@email.com accessed /home/dashboard/
2024-06-29 06:15:40,937 - User jose1@email.com accessed /
2024-06-29 06:16:12,124 - User jose1@email.com accessed /favicon.ico
2024-06-29 06:16:43,875 - User jose1@email.com accessed /sobre/
2024-06-29 06:16:47,907 - User jose1@email.com accessed /
2024-06-29 06:16:50,003 - User jose1@email.com accessed /login/sindico/
2024-06-29 06:16:53,946 - User jose1@email.com accessed /cadastrar/sindico/
2024-06-29 06:17:41,113 - User jose1@email.com accessed /register/sindico/
2024-06-29 06:17:41,791 - User messi10@email.com accessed /home/dashboard/
2024-06-29 06:17:48,093 - User messi10@email.com accessed /register/checklist/
2024-06-29 06:17:50,569 - User messi10@email.com accessed /logs/
2024-06-29 06:17:54,168 - User messi10@email.com accessed /home/dashboard/
2024-06-29 06:17:56,801 - User messi10@email.com accessed /solicitacoes/totais/
2024-06-29 06:18:01,223 - User messi10@email.com accessed /solicitacoes/totais/
2024-06-29 06:18:03,538 - User messi10@email.com accessed /solicitacoes/totais/
2024-06-29 06:18:05,424 - User messi10@email.com accessed /solicitacoes/totais/
2024-06-29 06:18:07,772 - User messi10@email.com accessed /home/dashboard/
2024-06-29 06:18:09,702 - User messi10@email.com accessed /solicitacoes/totais/
2024-06-29 06:18:11,480 - User messi10@email.com accessed /register/checklist/
2024-06-29 06:19:07,154 - User messi10@email.com accessed /favicon.ico
2024-06-29 06:20:21,258 - User messi10@email.com accessed /register/checklist/
2024-06-29 06:21:14,260 - User messi10@email.com accessed /
2024-06-29 06:21:34,857 - User messi10@email.com accessed /favicon.ico
2024-06-29 06:21:39,675 - User messi10@email.com accessed /sobre/
2024-06-29 06:21:43,114 - User messi10@email.com accessed /
2024-06-29 06:21:45,097 - User messi10@email.com accessed /login/sindico/
2024-06-29 06:21:47,386 - User messi10@email.com accessed /cadastrar/sindico/
2024-06-29 06:21:51,642 - User messi10@email.com accessed /login/sindico/
2024-06-29 06:21:52,510 - User messi10@email.com accessed /
2024-06-29 06:21:55,875 - User messi10@email.com accessed /login/sindico/
2024-06-29 06:21:57,318 - User messi10@email.com accessed /cadastrar/sindico/
2024-06-29 06:23:09,103 - User messi10@email.com accessed /register/sindico/
2024-06-29 06:23:10,406 - User cristiano.7@email.com accessed /home/dashboard/
2024-06-29 06:23:15,299 - User cristiano.7@email.com accessed /
2024-06-29 06:23:17,479 - User cristiano.7@email.com accessed /login/sindico/
2024-06-29 06:23:22,970 - User cristiano.7@email.com accessed /sobre/
2024-06-29 06:23:25,835 - User cristiano.7@email.com accessed /
2024-06-29 06:23:28,257 - User cristiano.7@email.com accessed /login/sindico/
2024-06-29 06:23:30,395 - User cristiano.7@email.com accessed /cadastrar/sindico/
2024-06-29 06:24:18,216 - User cristiano.7@email.com accessed /register/sindico/
2024-06-29 06:25:03,795 - User cristiano.7@email.com accessed /register/sindico/
2024-06-29 06:25:04,491 - User cr7@email.com accessed /home/dashboard/
2024-06-29 06:25:08,382 - User cr7@email.com accessed /register/checklist/
2024-06-29 06:25:13,342 - User cr7@email.com accessed /home/dashboard/
2024-06-29 06:25:15,210 - User cr7@email.com accessed /logs/
2024-06-29 06:25:19,796 - User cr7@email.com accessed /home/dashboard/
2024-06-29 06:25:21,693 - User cr7@email.com accessed /solicitacoes/totais/
2024-06-29 06:25:25,787 - User cr7@email.com accessed /solicitacoes/totais/
2024-06-29 06:25:27,684 - User cr7@email.com accessed /solicitacoes/totais/
2024-06-29 06:25:29,398 - User cr7@email.com accessed /solicitacoes/totais/
2024-06-29 06:25:31,005 - User cr7@email.com accessed /register/checklist/
2024-06-29 06:26:33,329 - User cr7@email.com accessed /auth/update/checklist/
2024-06-29 06:26:33,538 - User cr7@email.com accessed /home/dashboard/
2024-06-29 06:26:38,647 - User cr7@email.com accessed /solicitacoes/totais/
2024-06-29 06:26:45,030 - User cr7@email.com accessed /manage/solicit/21
2024-06-29 06:26:45,061 - User cr7@email.com accessed /media/uploads/tela_home_MyllADJ.png
2024-06-29 06:27:04,624 - User cr7@email.com accessed /auth/update/checklist/21/
2024-06-29 06:27:04,640 - User cr7@email.com accessed /solicitacoes/totais/
2024-06-29 06:27:11,233 - User cr7@email.com accessed /home/dashboard/
2024-06-29 06:27:14,402 - User cr7@email.com accessed /solicitacoes/totais/
2024-06-29 06:27:15,867 - User cr7@email.com accessed /manage/solicit/21
2024-06-29 06:27:15,896 - User cr7@email.com accessed /media/uploads/tela_home_MyllADJ.png
2024-06-29 06:27:28,577 - User cr7@email.com accessed /auth/update/checklist/21/
2024-06-29 06:27:28,652 - User cr7@email.com accessed /solicitacoes/totais/
2024-06-29 06:27:32,674 - User cr7@email.com accessed /home/dashboard/
2024-06-29 06:27:37,500 - User cr7@email.com accessed /
2024-06-29 06:27:42,177 - User cr7@email.com accessed /favicon.ico
2024-06-29 06:28:56,741 - User cr7@email.com accessed /login/sindico/
2024-06-29 06:29:09,950 - User cr7@email.com accessed /login/auth_sindico/
2024-06-29 06:29:10,608 - User cr7@email.com accessed /home/dashboard/
2024-06-29 06:29:17,975 - User cr7@email.com accessed /login/sindico/
2024-06-29 06:29:18,752 - User cr7@email.com accessed /
2024-06-29 06:29:38,599 - User cr7@email.com accessed /favicon.ico
2024-06-29 06:29:41,178 - User cr7@email.com accessed /login/sindico/
2024-06-29 06:29:50,165 - User cr7@email.com accessed /login/auth_sindico/
2024-06-29 06:29:50,834 - User cr7@email.com accessed /home/dashboard/
2024-06-29 06:29:54,116 - User cr7@email.com accessed /logs/
2024-06-29 06:29:57,878 - User cr7@email.com accessed /logs/
2024-06-29 06:30:00,172 - User cr7@email.com accessed /logs/
2024-06-29 06:30:02,746 - User cr7@email.com accessed /home/dashboard/
2024-06-29 06:30:07,365 - User cr7@email.com accessed /
2024-06-29 06:30:10,053 - User cr7@email.com accessed /favicon.ico
2024-06-29 06:32:11,492 - User cr7@email.com accessed /login/sindico/
2024-06-29 06:32:18,543 - User cr7@email.com accessed /login/auth_sindico/
2024-06-29 06:32:19,287 - User cr7@email.com accessed /home/dashboard/
2024-06-29 06:33:10,829 - User cr7@email.com accessed /register/checklist/
2024-06-29 06:35:45,633 - User cr7@email.com accessed /register/checklist/
2024-06-29 06:35:47,267 - User cr7@email.com accessed /logs/
2024-06-29 06:36:17,319 - User cr7@email.com accessed /register/checklist/
2024-06-29 06:36:19,520 - User cr7@email.com accessed /logs/
2024-06-29 06:36:20,537 - User cr7@email.com accessed /home/dashboard/
2024-06-29 06:36:21,602 - User cr7@email.com accessed /solicitacoes/totais/
2024-06-29 06:36:57,355 - User cr7@email.com accessed /manage/solicit/21
2024-06-29 06:36:57,379 - User cr7@email.com accessed /media/uploads/tela_home_MyllADJ.png
2024-06-29 06:38:45,407 - User cr7@email.com accessed /register/checklist/
2024-06-29 06:38:47,031 - User cr7@email.com accessed /home/dashboard/
2024-06-29 06:41:56,689 - User cr7@email.com accessed /
2024-06-29 06:42:13,501 - User cr7@email.com accessed /favicon.ico
2024-06-29 06:42:16,758 - User cr7@email.com accessed /sobre/
2024-06-29 06:42:20,108 - User cr7@email.com accessed /
2024-06-29 06:42:24,160 - User cr7@email.com accessed /login/sindico/
2024-06-29 06:42:27,102 - User cr7@email.com accessed /cadastrar/sindico/
2024-06-29 06:43:28,928 - User cr7@email.com accessed /register/sindico/
2024-06-29 06:43:29,627 - User cristianoronaldo@email.com accessed /home/dashboard/
2024-06-29 06:43:37,414 - User cristianoronaldo@email.com accessed /register/checklist/
2024-06-29 06:43:44,218 - User cristianoronaldo@email.com accessed /home/dashboard/
2024-06-29 06:43:45,678 - User cristianoronaldo@email.com accessed /logs/
2024-06-29 06:43:49,351 - User cristianoronaldo@email.com accessed /logs/
2024-06-29 06:43:53,284 - User cristianoronaldo@email.com accessed /logs/
2024-06-29 06:43:56,505 - User cristianoronaldo@email.com accessed /home/dashboard/
2024-06-29 06:43:58,904 - User cristianoronaldo@email.com accessed /solicitacoes/totais/
2024-06-29 06:44:06,555 - User cristianoronaldo@email.com accessed /solicitacoes/totais/
2024-06-29 06:44:09,293 - User cristianoronaldo@email.com accessed /solicitacoes/totais/
2024-06-29 06:44:11,302 - User cristianoronaldo@email.com accessed /register/checklist/
2024-06-29 06:45:15,447 - User cristianoronaldo@email.com accessed /auth/update/checklist/
2024-06-29 06:45:15,482 - User cristianoronaldo@email.com accessed /home/dashboard/
2024-06-29 06:45:20,223 - User cristianoronaldo@email.com accessed /solicitacoes/totais/
2024-06-29 06:45:23,921 - User cristianoronaldo@email.com accessed /manage/solicit/22
2024-06-29 06:45:23,947 - User cristianoronaldo@email.com accessed /media/uploads/tela_home_CnwQJvS.png
2024-06-29 06:45:46,902 - User cristianoronaldo@email.com accessed /auth/update/checklist/22/
2024-06-29 06:45:46,914 - User cristianoronaldo@email.com accessed /solicitacoes/totais/
2024-06-29 06:45:51,668 - User cristianoronaldo@email.com accessed /home/dashboard/
2024-06-29 06:45:54,806 - User cristianoronaldo@email.com accessed /solicitacoes/totais/
2024-06-29 06:46:00,079 - User cristianoronaldo@email.com accessed /manage/solicit/22
2024-06-29 06:46:00,112 - User cristianoronaldo@email.com accessed /media/uploads/tela_home_CnwQJvS.png
2024-06-29 06:46:13,393 - User cristianoronaldo@email.com accessed /auth/update/checklist/22/
2024-06-29 06:46:13,407 - User cristianoronaldo@email.com accessed /solicitacoes/totais/
2024-06-29 06:46:17,666 - User cristianoronaldo@email.com accessed /home/dashboard/
2024-06-29 06:46:23,186 - User cristianoronaldo@email.com accessed /logs/
2024-06-29 06:46:27,259 - User cristianoronaldo@email.com accessed /home/dashboard/
2024-06-29 06:46:29,318 - User cristianoronaldo@email.com accessed /
2024-06-29 06:46:34,288 - User cristianoronaldo@email.com accessed /favicon.ico
2024-06-29 06:49:43,036 - User cristianoronaldo@email.com accessed /sobre/
2024-06-29 06:52:45,966 - User cristianoronaldo@email.com accessed /
2024-06-29 06:52:47,628 - User cristianoronaldo@email.com accessed /login/sindico/
2024-06-29 06:53:22,741 - User cristianoronaldo@email.com accessed /cadastrar/sindico/
2024-06-29 06:56:44,315 - User usuaroz@email.com accessed /cadastrar/sindico/
2024-06-29 06:56:46,344 - User usuaroz@email.com accessed /login/sindico/
2024-06-29 06:57:13,228 - User usuaroz@email.com accessed /login/auth_sindico/
2024-06-29 06:57:13,870 - User usuaroz@email.com accessed /home/dashboard/
2024-06-29 06:57:17,028 - User usuaroz@email.com accessed /solicitacoes/totais/
2024-06-29 06:57:19,770 - User usuaroz@email.com accessed /manage/solicit/22
2024-06-29 06:57:19,796 - User usuaroz@email.com accessed /media/uploads/tela_home_CnwQJvS.png
2024-06-29 06:57:28,466 - User usuaroz@email.com accessed /home/dashboard/
2024-06-29 06:57:31,475 - User usuaroz@email.com accessed /
